Build started 3/5/2014 11:37:14 AM.
     1>Project "C:\Users\matth_000\Documents\Visual Studio 2012\Projects\as2\as2\as2.vcxproj" on node 2 (Build target(s)).
     1>ClCompile:
         C:\Program Files (x86)\Microsoft Visual Studio 11.0\VC\bin\CL.exe /c /I"C:\Users\matth_000\Documents\Visual Studio 2012\Projects\as2\as2\/FreeImage" /ZI /nologo /W3 /WX- /Od /Oy- /D _MBCS /Gm /EHsc /RTC1 /MDd /GS /fp:precise /Zc:wchar_t /Zc:forScope /Fo"Debug\\" /Fd"Debug\vc110.pdb" /Gd /TP /analyze- /errorReport:prompt Scene.cpp
         Scene.cpp
     1>c:\users\matth_000\documents\visual studio 2012\projects\as2\as2\shape.h(98): warning C4244: '=' : conversion from 'double' to 'float', possible loss of data
     1>c:\users\matth_000\documents\visual studio 2012\projects\as2\as2\shape.h(102): warning C4244: '=' : conversion from 'double' to 'float', possible loss of data
     1>c:\users\matth_000\documents\visual studio 2012\projects\as2\as2\scene.cpp(45): warning C4244: 'argument' : conversion from 'float' to 'int', possible loss of data
     1>c:\users\matth_000\documents\visual studio 2012\projects\as2\as2\scene.cpp(49): warning C4244: '=' : conversion from 'float' to 'BYTE', possible loss of data
     1>c:\users\matth_000\documents\visual studio 2012\projects\as2\as2\scene.cpp(50): warning C4244: '=' : conversion from 'float' to 'BYTE', possible loss of data
     1>c:\users\matth_000\documents\visual studio 2012\projects\as2\as2\scene.cpp(51): warning C4244: '=' : conversion from 'float' to 'BYTE', possible loss of data
     1>c:\users\matth_000\documents\visual studio 2012\projects\as2\as2\scene.cpp(66): warning C4305: 'argument' : truncation from 'double' to 'float'
     1>c:\users\matth_000\documents\visual studio 2012\projects\as2\as2\scene.cpp(85): warning C4244: 'argument' : conversion from 'float' to 'int', possible loss of data
     1>c:\users\matth_000\documents\visual studio 2012\projects\as2\as2\scene.cpp(106): warning C4244: 'argument' : conversion from 'float' to 'int', possible loss of data
       Link:
         C:\Program Files (x86)\Microsoft Visual Studio 11.0\VC\bin\link.exe /ERRORREPORT:PROMPT /OUT:"C:\Users\matth_000\Documents\Visual Studio 2012\Projects\as2\Debug\as2.exe" /INCREMENTAL /NOLOGO FreeImage.lib kernel32.lib user32.lib gdi32.lib winspool.lib comdlg32.lib advapi32.lib shell32.lib ole32.lib oleaut32.lib uuid.lib odbc32.lib odbccp32.lib kernel32.lib user32.lib gdi32.lib winspool.lib comdlg32.lib advapi32.lib shell32.lib ole32.lib oleaut32.lib uuid.lib odbc32.lib odbccp32.lib /MANIFEST /MANIFESTUAC:"level='asInvoker' uiAccess='false'" /manifest:embed /DEBUG /PDB:"C:\Users\matth_000\Documents\Visual Studio 2012\Projects\as2\Debug\as2.pdb" /TLBID:1 /DYNAMICBASE /NXCOMPAT /IMPLIB:"C:\Users\matth_000\Documents\Visual Studio 2012\Projects\as2\Debug\as2.lib" /MACHINE:X86 Debug\Scene.obj
         as2.vcxproj -> C:\Users\matth_000\Documents\Visual Studio 2012\Projects\as2\Debug\as2.exe
     1>Done Building Project "C:\Users\matth_000\Documents\Visual Studio 2012\Projects\as2\as2\as2.vcxproj" (Build target(s)).

Build succeeded.

Time Elapsed 00:00:01.47
